<?xml version="1.0" encoding="UTF-8"?>
<!-- Generated by org.testng.reporters.JUnitReportReporter -->
<testsuite hostname="Mainaks-MacBook-Air.local" failures="0" tests="1" name="com.browserstact.poc.IOS" time="33.325" errors="0" timestamp="2023-12-11T12:29:00 IST" skipped="0">
  <testcase classname="com.browserstact.poc.IOS" name="IOSTest" time="33.325"/>
  <system-out/>
</testsuite> <!-- com.browserstact.poc.IOS -->
