<?xml version="1.0" encoding="UTF-8"?>
<!-- Generated by org.testng.reporters.JUnitReportReporter -->
<testsuite hostname="Mainaks-MacBook-Air.local" failures="0" tests="1" name="com.browserstact.poc.IOSTestCases" time="34.094" errors="0" timestamp="2023-12-13T20:46:38 IST" skipped="0">
  <testcase classname="com.browserstact.poc.IOSTestCases" name="tc001" time="34.094"/>
  <system-out/>
</testsuite> <!-- com.browserstact.poc.IOSTestCases -->
