<?xml version="1.0" encoding="UTF-8"?>
<!-- Generated by org.testng.reporters.JUnitReportReporter -->
<testsuite hostname="Mainaks-MacBook-Air.local" failures="0" tests="1" name="com.browserstact.poc.AndroidTestCases" time="35.938" errors="0" timestamp="2023-12-13T13:40:58 IST" skipped="0">
  <testcase classname="com.browserstact.poc.AndroidTestCases" name="tc_001" time="35.938"/>
  <system-out/>
</testsuite> <!-- com.browserstact.poc.AndroidTestCases -->
