<?xml version="1.0" encoding="UTF-8"?>
<!-- Generated by org.testng.reporters.JUnitReportReporter -->
<testsuite skipped="0" hostname="Mainaks-MacBook-Air.local" name="appiumTests.SwipeGesture" tests="1" failures="0" timestamp="03 Sep 2022 15:40:54 GMT" time="7.086" errors="0">
  <testcase name="scrollGesture" time="7.086" classname="appiumTests.SwipeGesture"/>
</testsuite> <!-- appiumTests.SwipeGesture -->
