<?xml version="1.0" encoding="UTF-8"?>
<!-- Generated by org.testng.reporters.JUnitReportReporter -->
<testsuite skipped="0" hostname="Mainaks-MacBook-Air.local" name="appiumTests.appiumServerStart" tests="1" failures="0" timestamp="03 Sep 2022 09:01:12 GMT" time="5.889" errors="0">
  <testcase name="wifiSettings" time="5.889" classname="appiumTests.appiumServerStart"/>
</testsuite> <!-- appiumTests.appiumServerStart -->
