<?xml version="1.0" encoding="UTF-8"?>
<!-- Generated by org.testng.reporters.JUnitReportReporter -->
<testsuite skipped="0" hostname="Mainaks-MacBook-Air.local" name="appiumTests.ScrollandSwipeGesture" tests="1" failures="0" timestamp="03 Sep 2022 15:12:45 GMT" time="9.449" errors="0">
  <testcase name="swipeGesture" time="9.449" classname="appiumTests.ScrollandSwipeGesture"/>
</testsuite> <!-- appiumTests.ScrollandSwipeGesture -->
