<?xml version="1.0" encoding="UTF-8"?>
<!-- Generated by org.testng.reporters.JUnitReportReporter -->
<testsuite hostname="Mainaks-MacBook-Air.local" failures="0" tests="1" name="com.browserstact.poc.WireMock" time="0.017" errors="0" timestamp="2024-01-11T18:41:29 IST" skipped="0">
  <testcase classname="com.browserstact.poc.WireMock" name="tc_001" time="0.017"/>
  <system-out/>
</testsuite> <!-- com.browserstact.poc.WireMock -->
