<?xml version="1.0" encoding="UTF-8"?>
<!-- Generated by org.testng.reporters.JUnitReportReporter -->
<testsuite skipped="0" hostname="Mainaks-MacBook-Air.local" name="appiumTests.LongPressGesture" tests="1" failures="0" timestamp="08 Sep 2022 18:56:48 GMT" time="7.695" errors="0">
  <testcase name="longPressGesture" time="7.695" classname="appiumTests.LongPressGesture"/>
</testsuite> <!-- appiumTests.LongPressGesture -->
