<?xml version="1.0" encoding="UTF-8"?>
<!-- Generated by org.testng.reporters.JUnitReportReporter -->
<testsuite skipped="0" hostname="Mainaks-MacBook-Air.local" name="appiumTests.Miscellaneous" tests="1" failures="0" timestamp="03 Sep 2022 16:22:45 GMT" time="13.919" errors="0">
  <testcase name="seleniumSimilarFunctions" time="13.919" classname="appiumTests.Miscellaneous"/>
</testsuite> <!-- appiumTests.Miscellaneous -->
