<?xml version="1.0" encoding="UTF-8"?>
<!-- Generated by org.testng.reporters.JUnitReportReporter -->
<testsuite hostname="Mainaks-MacBook-Air.local" failures="0" tests="1" name="com.browserstact.poc.Android" time="31.747" errors="0" timestamp="2023-12-10T13:15:33 IST" skipped="0">
  <testcase classname="com.browserstact.poc.Android" name="AndroidTest" time="31.747"/>
  <system-out/>
</testsuite> <!-- com.browserstact.poc.Android -->
