<?xml version="1.0" encoding="UTF-8"?>
<!-- Generated by org.testng.reporters.JUnitReportReporter -->
<testsuite skipped="0" hostname="Mainaks-MacBook-Air.local" name="appiumTests.ScrollGesture" tests="1" failures="0" timestamp="03 Sep 2022 12:46:12 GMT" time="24.150" errors="0">
  <testcase name="scrollGesture" time="24.150" classname="appiumTests.ScrollGesture"/>
</testsuite> <!-- appiumTests.ScrollGesture -->
