<?xml version="1.0" encoding="UTF-8"?>
<!-- Generated by org.testng.reporters.JUnitReportReporter -->
<testsuite skipped="0" hostname="Mainaks-MacBook-Air.local" name="appiumBasics.appiumServerStart" tests="1" failures="0" timestamp="27 Aug 2022 16:30:08 GMT" time="8.895" errors="0">
  <testcase name="startAppium" time="8.895" classname="appiumBasics.appiumServerStart"/>
</testsuite> <!-- appiumBasics.appiumServerStart -->
