<?xml version="1.0" encoding="UTF-8"?>
<!-- Generated by org.testng.reporters.JUnitReportReporter -->
<testsuite skipped="0" hostname="Mainaks-MacBook-Air.local" name="appiumTests_General_Store_app.CorrectLoginCheck" tests="1" failures="0" timestamp="06 Dec 2023 09:06:03 GMT" time="0.014" errors="0">
  <testcase name="positiveLoginCheck" time="0.014" classname="appiumTests_General_Store_app.CorrectLoginCheck"/>
</testsuite> <!-- appiumTests_General_Store_app.CorrectLoginCheck -->
